<?xml version="1.0" encoding="UTF-8"?>
<robot generator="Robot 6.0.2 (Python 3.11.1 on win32)" generated="20240125 16:47:24.508" rpa="false" schemaversion="3">
<suite id="s1" name="DDT2" source="C:\Users\chars\PycharmProjects\RobotFW\TestCases\DDT2.robot">
<kw name="Opening my browser" library="Resources" type="SETUP">
<kw name="Open Browser" library="SeleniumLibrary">
<arg>${url}</arg>
<arg>${browser}</arg>
<doc>Opens a new browser instance to the optional ``url``.</doc>
<msg timestamp="20240125 16:47:27.051" level="INFO">Opening browser 'chrome' to base url 'https://demo.nopcommerce.com/login'.</msg>
<status status="PASS" starttime="20240125 16:47:27.051" endtime="20240125 16:47:32.531"/>
</kw>
<kw name="Maximize Browser Window" library="SeleniumLibrary">
<doc>Maximizes current browser window.</doc>
<status status="PASS" starttime="20240125 16:47:32.531" endtime="20240125 16:47:32.645"/>
</kw>
<status status="PASS" starttime="20240125 16:47:27.050" endtime="20240125 16:47:32.645"/>
</kw>
<test id="s1-t1" name="LoginTestUsingExcel using harshal@gmail.com   " line="10">
<kw name="Invalid Login">
<arg>harshal@gmail.com   </arg>
<arg>admin12</arg>
<kw name="Inputting Username" library="Resources">
<arg>${username}</arg>
<kw name="Input Text" library="SeleniumLibrary">
<arg>id:Email</arg>
<arg>${username}</arg>
<doc>Types the given ``text`` into the text field identified by ``locator``.</doc>
<msg timestamp="20240125 16:47:32.648" level="INFO">Typing text 'harshal@gmail.com   ' into text field 'id:Email'.</msg>
<status status="PASS" starttime="20240125 16:47:32.647" endtime="20240125 16:47:32.817"/>
</kw>
<status status="PASS" starttime="20240125 16:47:32.647" endtime="20240125 16:47:32.817"/>
</kw>
<kw name="Inputting Password" library="Resources">
<arg>${password}</arg>
<kw name="Input Text" library="SeleniumLibrary">
<arg>id:Password</arg>
<arg>${password}</arg>
<doc>Types the given ``text`` into the text field identified by ``locator``.</doc>
<msg timestamp="20240125 16:47:32.818" level="INFO">Typing text 'admin12' into text field 'id:Password'.</msg>
<status status="PASS" starttime="20240125 16:47:32.818" endtime="20240125 16:47:32.898"/>
</kw>
<status status="PASS" starttime="20240125 16:47:32.817" endtime="20240125 16:47:32.898"/>
</kw>
<kw name="Click Login Button" library="Resources">
<kw name="Click Element" library="SeleniumLibrary">
<arg>xpath://button[normalize-space()='Log in']</arg>
<doc>Click the element identified by ``locator``.</doc>
<msg timestamp="20240125 16:47:32.899" level="INFO">Clicking element 'xpath://button[normalize-space()='Log in']'.</msg>
<status status="PASS" starttime="20240125 16:47:32.898" endtime="20240125 16:47:36.486"/>
</kw>
<status status="PASS" starttime="20240125 16:47:32.898" endtime="20240125 16:47:36.486"/>
</kw>
<kw name="Error message on wrong creds" library="Resources">
<kw name="Page Should Contain" library="SeleniumLibrary">
<arg>Login was unsuccessful.</arg>
<doc>Verifies that current page contains ``text``.</doc>
<msg timestamp="20240125 16:47:36.515" level="INFO">Current page contains text 'Login was unsuccessful.'.</msg>
<status status="PASS" starttime="20240125 16:47:36.487" endtime="20240125 16:47:36.515"/>
</kw>
<status status="PASS" starttime="20240125 16:47:36.486" endtime="20240125 16:47:36.515"/>
</kw>
<status status="PASS" starttime="20240125 16:47:32.646" endtime="20240125 16:47:36.515"/>
</kw>
<status status="PASS" starttime="20240125 16:47:32.645" endtime="20240125 16:47:36.516"/>
</test>
<test id="s1-t2" name="LoginTestUsingExcel using harshal123@gmail.com" line="10">
<kw name="Invalid Login">
<arg>harshal123@gmail.com</arg>
<arg>admin123</arg>
<kw name="Inputting Username" library="Resources">
<arg>${username}</arg>
<kw name="Input Text" library="SeleniumLibrary">
<arg>id:Email</arg>
<arg>${username}</arg>
<doc>Types the given ``text`` into the text field identified by ``locator``.</doc>
<msg timestamp="20240125 16:47:36.521" level="INFO">Typing text 'harshal123@gmail.com' into text field 'id:Email'.</msg>
<status status="PASS" starttime="20240125 16:47:36.520" endtime="20240125 16:47:36.798"/>
</kw>
<status status="PASS" starttime="20240125 16:47:36.519" endtime="20240125 16:47:36.798"/>
</kw>
<kw name="Inputting Password" library="Resources">
<arg>${password}</arg>
<kw name="Input Text" library="SeleniumLibrary">
<arg>id:Password</arg>
<arg>${password}</arg>
<doc>Types the given ``text`` into the text field identified by ``locator``.</doc>
<msg timestamp="20240125 16:47:36.800" level="INFO">Typing text 'admin123' into text field 'id:Password'.</msg>
<status status="PASS" starttime="20240125 16:47:36.799" endtime="20240125 16:47:37.036"/>
</kw>
<status status="PASS" starttime="20240125 16:47:36.798" endtime="20240125 16:47:37.036"/>
</kw>
<kw name="Click Login Button" library="Resources">
<kw name="Click Element" library="SeleniumLibrary">
<arg>xpath://button[normalize-space()='Log in']</arg>
<doc>Click the element identified by ``locator``.</doc>
<msg timestamp="20240125 16:47:37.038" level="INFO">Clicking element 'xpath://button[normalize-space()='Log in']'.</msg>
<status status="PASS" starttime="20240125 16:47:37.037" endtime="20240125 16:47:37.673"/>
</kw>
<status status="PASS" starttime="20240125 16:47:37.037" endtime="20240125 16:47:37.674"/>
</kw>
<kw name="Error message on wrong creds" library="Resources">
<kw name="Page Should Contain" library="SeleniumLibrary">
<arg>Login was unsuccessful.</arg>
<doc>Verifies that current page contains ``text``.</doc>
<msg timestamp="20240125 16:47:37.698" level="INFO">Current page contains text 'Login was unsuccessful.'.</msg>
<status status="PASS" starttime="20240125 16:47:37.675" endtime="20240125 16:47:37.698"/>
</kw>
<status status="PASS" starttime="20240125 16:47:37.674" endtime="20240125 16:47:37.699"/>
</kw>
<status status="PASS" starttime="20240125 16:47:36.519" endtime="20240125 16:47:37.699"/>
</kw>
<status status="PASS" starttime="20240125 16:47:36.517" endtime="20240125 16:47:37.699"/>
</test>
<test id="s1-t3" name="LoginTestUsingExcel using harshal@gmail.com   " line="10">
<kw name="Invalid Login">
<arg>harshal@gmail.com   </arg>
<arg>${EMPTY}</arg>
<kw name="Inputting Username" library="Resources">
<arg>${username}</arg>
<kw name="Input Text" library="SeleniumLibrary">
<arg>id:Email</arg>
<arg>${username}</arg>
<doc>Types the given ``text`` into the text field identified by ``locator``.</doc>
<msg timestamp="20240125 16:47:37.710" level="INFO">Typing text 'harshal@gmail.com   ' into text field 'id:Email'.</msg>
<status status="PASS" starttime="20240125 16:47:37.709" endtime="20240125 16:47:37.958"/>
</kw>
<status status="PASS" starttime="20240125 16:47:37.708" endtime="20240125 16:47:37.958"/>
</kw>
<kw name="Inputting Password" library="Resources">
<arg>${password}</arg>
<kw name="Input Text" library="SeleniumLibrary">
<arg>id:Password</arg>
<arg>${password}</arg>
<doc>Types the given ``text`` into the text field identified by ``locator``.</doc>
<msg timestamp="20240125 16:47:37.959" level="INFO">Typing text '' into text field 'id:Password'.</msg>
<status status="PASS" starttime="20240125 16:47:37.959" endtime="20240125 16:47:38.160"/>
</kw>
<status status="PASS" starttime="20240125 16:47:37.958" endtime="20240125 16:47:38.160"/>
</kw>
<kw name="Click Login Button" library="Resources">
<kw name="Click Element" library="SeleniumLibrary">
<arg>xpath://button[normalize-space()='Log in']</arg>
<doc>Click the element identified by ``locator``.</doc>
<msg timestamp="20240125 16:47:38.162" level="INFO">Clicking element 'xpath://button[normalize-space()='Log in']'.</msg>
<status status="PASS" starttime="20240125 16:47:38.161" endtime="20240125 16:47:50.866"/>
</kw>
<status status="PASS" starttime="20240125 16:47:38.160" endtime="20240125 16:47:50.866"/>
</kw>
<kw name="Error message on wrong creds" library="Resources">
<kw name="Page Should Contain" library="SeleniumLibrary">
<arg>Login was unsuccessful.</arg>
<doc>Verifies that current page contains ``text``.</doc>
<msg timestamp="20240125 16:47:51.058" level="INFO">Current page contains text 'Login was unsuccessful.'.</msg>
<status status="PASS" starttime="20240125 16:47:50.866" endtime="20240125 16:47:51.059"/>
</kw>
<status status="PASS" starttime="20240125 16:47:50.866" endtime="20240125 16:47:51.059"/>
</kw>
<status status="PASS" starttime="20240125 16:47:37.706" endtime="20240125 16:47:51.059"/>
</kw>
<status status="PASS" starttime="20240125 16:47:37.702" endtime="20240125 16:47:51.060"/>
</test>
<test id="s1-t4" name="LoginTestUsingExcel using             " line="10">
<kw name="Invalid Login">
<arg>${EMPTY}            </arg>
<arg>admin123</arg>
<kw name="Inputting Username" library="Resources">
<arg>${username}</arg>
<kw name="Input Text" library="SeleniumLibrary">
<arg>id:Email</arg>
<arg>${username}</arg>
<doc>Types the given ``text`` into the text field identified by ``locator``.</doc>
<msg timestamp="20240125 16:47:51.067" level="INFO">Typing text '            ' into text field 'id:Email'.</msg>
<status status="PASS" starttime="20240125 16:47:51.067" endtime="20240125 16:47:51.549"/>
</kw>
<status status="PASS" starttime="20240125 16:47:51.066" endtime="20240125 16:47:51.549"/>
</kw>
<kw name="Inputting Password" library="Resources">
<arg>${password}</arg>
<kw name="Input Text" library="SeleniumLibrary">
<arg>id:Password</arg>
<arg>${password}</arg>
<doc>Types the given ``text`` into the text field identified by ``locator``.</doc>
<msg timestamp="20240125 16:47:51.551" level="INFO">Typing text 'admin123' into text field 'id:Password'.</msg>
<status status="PASS" starttime="20240125 16:47:51.550" endtime="20240125 16:47:52.141"/>
</kw>
<status status="PASS" starttime="20240125 16:47:51.549" endtime="20240125 16:47:52.141"/>
</kw>
<kw name="Click Login Button" library="Resources">
<kw name="Click Element" library="SeleniumLibrary">
<arg>xpath://button[normalize-space()='Log in']</arg>
<doc>Click the element identified by ``locator``.</doc>
<msg timestamp="20240125 16:47:52.144" level="INFO">Clicking element 'xpath://button[normalize-space()='Log in']'.</msg>
<status status="PASS" starttime="20240125 16:47:52.143" endtime="20240125 16:47:52.229"/>
</kw>
<status status="PASS" starttime="20240125 16:47:52.143" endtime="20240125 16:47:52.229"/>
</kw>
<kw name="Error message on wrong creds" library="Resources">
<kw name="Page Should Contain" library="SeleniumLibrary">
<arg>Login was unsuccessful.</arg>
<doc>Verifies that current page contains ``text``.</doc>
<msg timestamp="20240125 16:47:52.250" level="INFO">Current page contains text 'Login was unsuccessful.'.</msg>
<status status="PASS" starttime="20240125 16:47:52.230" endtime="20240125 16:47:52.250"/>
</kw>
<status status="PASS" starttime="20240125 16:47:52.229" endtime="20240125 16:47:52.251"/>
</kw>
<status status="PASS" starttime="20240125 16:47:51.065" endtime="20240125 16:47:52.251"/>
</kw>
<status status="PASS" starttime="20240125 16:47:51.062" endtime="20240125 16:47:52.251"/>
</test>
<test id="s1-t5" name="LoginTestUsingExcel using harsh34al@gmail.com " line="10">
<kw name="Invalid Login">
<arg>harsh34al@gmail.com </arg>
<arg>xyz</arg>
<kw name="Inputting Username" library="Resources">
<arg>${username}</arg>
<kw name="Input Text" library="SeleniumLibrary">
<arg>id:Email</arg>
<arg>${username}</arg>
<doc>Types the given ``text`` into the text field identified by ``locator``.</doc>
<msg timestamp="20240125 16:47:52.257" level="INFO">Typing text 'harsh34al@gmail.com ' into text field 'id:Email'.</msg>
<status status="PASS" starttime="20240125 16:47:52.256" endtime="20240125 16:47:52.527"/>
</kw>
<status status="PASS" starttime="20240125 16:47:52.255" endtime="20240125 16:47:52.527"/>
</kw>
<kw name="Inputting Password" library="Resources">
<arg>${password}</arg>
<kw name="Input Text" library="SeleniumLibrary">
<arg>id:Password</arg>
<arg>${password}</arg>
<doc>Types the given ``text`` into the text field identified by ``locator``.</doc>
<msg timestamp="20240125 16:47:52.528" level="INFO">Typing text 'xyz' into text field 'id:Password'.</msg>
<status status="PASS" starttime="20240125 16:47:52.528" endtime="20240125 16:47:52.655"/>
</kw>
<status status="PASS" starttime="20240125 16:47:52.527" endtime="20240125 16:47:52.656"/>
</kw>
<kw name="Click Login Button" library="Resources">
<kw name="Click Element" library="SeleniumLibrary">
<arg>xpath://button[normalize-space()='Log in']</arg>
<doc>Click the element identified by ``locator``.</doc>
<msg timestamp="20240125 16:47:52.656" level="INFO">Clicking element 'xpath://button[normalize-space()='Log in']'.</msg>
<status status="PASS" starttime="20240125 16:47:52.656" endtime="20240125 16:47:53.449"/>
</kw>
<status status="PASS" starttime="20240125 16:47:52.656" endtime="20240125 16:47:53.449"/>
</kw>
<kw name="Error message on wrong creds" library="Resources">
<kw name="Page Should Contain" library="SeleniumLibrary">
<arg>Login was unsuccessful.</arg>
<doc>Verifies that current page contains ``text``.</doc>
<msg timestamp="20240125 16:47:53.536" level="INFO">Current page contains text 'Login was unsuccessful.'.</msg>
<status status="PASS" starttime="20240125 16:47:53.450" endtime="20240125 16:47:53.536"/>
</kw>
<status status="PASS" starttime="20240125 16:47:53.449" endtime="20240125 16:47:53.536"/>
</kw>
<status status="PASS" starttime="20240125 16:47:52.255" endtime="20240125 16:47:53.537"/>
</kw>
<status status="PASS" starttime="20240125 16:47:52.252" endtime="20240125 16:47:53.537"/>
</test>
<kw name="Closing my browser" library="Resources" type="TEARDOWN">
<kw name="Close All Browsers" library="SeleniumLibrary">
<doc>Closes all open browsers and resets the browser cache.</doc>
<status status="PASS" starttime="20240125 16:47:53.539" endtime="20240125 16:47:59.714"/>
</kw>
<status status="PASS" starttime="20240125 16:47:53.538" endtime="20240125 16:47:59.715"/>
</kw>
<status status="PASS" starttime="20240125 16:47:24.510" endtime="20240125 16:47:59.715"/>
</suite>
<statistics>
<total>
<stat pass="5" fail="0" skip="0">All Tests</stat>
</total>
<tag>
</tag>
<suite>
<stat pass="5" fail="0" skip="0" id="s1" name="DDT2">DDT2</stat>
</suite>
</statistics>
<errors>
<msg timestamp="20240125 16:47:37.701" level="WARN">Multiple tests with name 'LoginTestUsingExcel using harshal@gmail.com   ' executed in suite 'DDT2'.</msg>
</errors>
</robot>
